ISim log file
Running: /home/funchal/frogvivor/xilinx/lcd_test_isim_beh.exe -gui -tclbatch isim.cmd -wdb /home/funchal/frogvivor/xilinx/lcd_test_isim_beh.wdb 
ISim M.70d (signature 0x61e1bd6e)
WARNING: A WEBPACK license was found.
WARNING: Please use Xilinx License Configuration Manager to check out a full ISim license.
WARNING: ISim will run in Lite mode. Please refer to the ISim documentation for more information on the differences between the Lite and the Full version.
This is a Lite version of ISim.
Time resolution is 1 ps
# onerror resume
# wave add /
# run 1000 ns
Simulator is doing circuit initialization process.
at 0 ps, Instance /lcd_test/dut/ : Warning: There is an 'U'|'X'|'W'|'Z'|'-' in an arithmetic operand, the result will be 'X'(es).
Finished circuit initialization process.
# restart
# run all
Simulator is doing circuit initialization process.
Finished circuit initialization process.
at 4088090 ns(1): Note: frame 0 end (/lcd_test/).
at 8184090 ns(1): Note: frame 1 end (/lcd_test/).
at 8184090 ns(1): Note: end of testbench (/lcd_test/).
Stopped at time : 15556805 ns : File "/home/funchal/frogvivor/xilinx/lcd.vhd" Line 69
# exit 0
